<?xml version="1.0" encoding="UTF-8"?>
<testng-results ignored="0" total="1" passed="1" failed="0" skipped="0">
  <reporter-output>
  </reporter-output>
  <suite started-at="2021-09-24T23:23:50Z" name="Default suite" finished-at="2021-09-24T23:24:16Z" duration-ms="26028">
    <groups>
    </groups>
    <test started-at="2021-09-24T23:23:50Z" name="Default test" finished-at="2021-09-24T23:24:16Z" duration-ms="26028">
      <class name="com.automationtestV1.testCases.TC_CheckOut">
        <test-method is-config="true" signature="setup()[pri:0, instance:com.automationtestV1.testCases.TC_CheckOut@659499f1]" started-at="2021-09-24T23:23:50Z" name="setup" finished-at="2021-09-24T23:23:52Z" duration-ms="2615" status="PASS">
          <reporter-output>
          </reporter-output>
        </test-method> <!-- setup -->
        <test-method signature="checkOut()[pri:0, instance:com.automationtestV1.testCases.TC_CheckOut@659499f1]" started-at="2021-09-24T23:23:52Z" name="checkOut" finished-at="2021-09-24T23:24:16Z" duration-ms="23368" status="PASS">
          <reporter-output>
          </reporter-output>
        </test-method> <!-- checkOut -->
        <test-method is-config="true" signature="tearDown()[pri:0, instance:com.automationtestV1.testCases.TC_CheckOut@659499f1]" started-at="2021-09-24T23:24:16Z" name="tearDown" finished-at="2021-09-24T23:24:16Z" duration-ms="2" status="PASS">
          <reporter-output>
          </reporter-output>
        </test-method> <!-- tearDown -->
      </class> <!-- com.automationtestV1.testCases.TC_CheckOut -->
    </test> <!-- Default test -->
  </suite> <!-- Default suite -->
</testng-results>
